<?xml version="1.0" encoding="UTF-8"?>
<!-- Generated by org.testng.reporters.JUnitReportReporter -->
<testsuite skipped="1" hostname="MXCDP4LP24" name="testcases.healthcheck.interjet.TCHP_Hoteles" tests="2" failures="0" timestamp="12 Feb 2019 18:25:39 GMT" time="100.944" errors="0">
  <testcase name="HPHotelDefault" time="100.944" classname="testcases.healthcheck.interjet.TCHP_Hoteles"/>
  <testcase name="HPHotelRandom" classname="testcases.healthcheck.interjet.TCHP_Hoteles">
    <skipped/>
  </testcase> <!-- HPHotelRandom -->
</testsuite> <!-- testcases.healthcheck.interjet.TCHP_Hoteles -->
