<?xml version="1.0" encoding="UTF-8"?>
<!-- Generated by org.testng.reporters.JUnitReportReporter -->
<testsuite skipped="0" hostname="MXCDP4LP24" name="testcases.HP_PTCOM_PROD" tests="1" failures="0" timestamp="28 Dec 2018 07:29:13 GMT" time="32.001" errors="0">
  <testcase name="HappyPath_HotelDefault" time="32.001" classname="testcases.HP_PTCOM_PROD"/>
</testsuite> <!-- testcases.HP_PTCOM_PROD -->
