<?xml version="1.0" encoding="UTF-8"?>
<!-- Generated by org.testng.reporters.JUnitReportReporter -->
<testsuite skipped="0" hostname="MXCDP4LP24" name="TestCases.HP_PTCOM_PROD" tests="1" failures="0" timestamp="20 Nov 2018 23:26:08 GMT" time="28.111" errors="0">
  <testcase name="HappyPath_HotelDefault" time="28.111" classname="TestCases.HP_PTCOM_PROD"/>
</testsuite> <!-- TestCases.HP_PTCOM_PROD -->
