<?xml version="1.0" encoding="UTF-8"?>
<!-- Generated by org.testng.reporters.JUnitReportReporter -->
<testsuite skipped="0" hostname="MXCDP4LP24" name="testcases.HP_PTALL" tests="3" failures="0" timestamp="28 Dec 2018 23:48:19 GMT" time="99.297" errors="0">
  <testcase name="HappyPath_HotelDefault" time="47.570" classname="testcases.HP_PTALL"/>
  <testcase name="HappyPath_HotelDefault" time="25.433" classname="testcases.HP_PTALL"/>
  <testcase name="HappyPath_HotelDefault" time="26.294" classname="testcases.HP_PTALL"/>
</testsuite> <!-- testcases.HP_PTALL -->
