<?xml version="1.0" encoding="UTF-8"?>
<!-- Generated by org.testng.reporters.JUnitReportReporter -->
<testsuite skipped="0" hostname="MXCDP4LP24" name="testcases.hphoteles.TCHP_PTALL" tests="3" failures="0" timestamp="18 Jan 2019 00:29:03 GMT" time="90.726" errors="0">
  <testcase name="HappyPath_HotelDefault" time="37.853" classname="testcases.hphoteles.TCHP_PTALL"/>
  <testcase name="HappyPath_HotelDefault" time="25.001" classname="testcases.hphoteles.TCHP_PTALL"/>
  <testcase name="HappyPath_HotelDefault" time="27.872" classname="testcases.hphoteles.TCHP_PTALL"/>
</testsuite> <!-- testcases.hphoteles.TCHP_PTALL -->
