<?xml version="1.0" encoding="UTF-8"?>
<!-- Generated by org.testng.reporters.JUnitReportReporter -->
<testsuite skipped="0" hostname="MXCDP4LP24" name="TestCases.VerifyLogin" tests="1" failures="0" timestamp="03 Oct 2018 19:01:34 GMT" time="15.279" errors="0">
  <testcase name="VerifyValidLogin" time="15.279" classname="TestCases.VerifyLogin"/>
</testsuite> <!-- TestCases.VerifyLogin -->
