<?xml version="1.0" encoding="UTF-8"?>
<!-- Generated by org.testng.reporters.JUnitReportReporter -->
<testsuite skipped="3" hostname="MXCDP4LP24" name="testcases.hoteles.TCSPAHLWidget" tests="7" failures="0" timestamp="18 Jan 2019 07:10:27 GMT" time="54.026" errors="0">
  <testcase name="test2" time="13.282" classname="testcases.hoteles.TCSPAHLWidget"/>
  <testcase name="test4" time="13.922" classname="testcases.hoteles.TCSPAHLWidget"/>
  <testcase name="test3" time="12.114" classname="testcases.hoteles.TCSPAHLWidget"/>
  <testcase name="test1" time="14.708" classname="testcases.hoteles.TCSPAHLWidget"/>
  <testcase name="test5" classname="testcases.hoteles.TCSPAHLWidget">
    <skipped/>
  </testcase> <!-- test5 -->
  <testcase name="test6" classname="testcases.hoteles.TCSPAHLWidget">
    <skipped/>
  </testcase> <!-- test6 -->
  <testcase name="test7" classname="testcases.hoteles.TCSPAHLWidget">
    <skipped/>
  </testcase> <!-- test7 -->
</testsuite> <!-- testcases.hoteles.TCSPAHLWidget -->
