<?xml version="1.0" encoding="UTF-8"?>
<!-- Generated by org.testng.reporters.JUnitReportReporter -->
<testsuite skipped="0" hostname="MXCDP4LP24" name="TestCases.BasicFunctionalTestSuite" tests="1" failures="0" timestamp="13 Nov 2018 09:59:54 GMT" time="102.262" errors="0">
  <testcase name="HappyPath_default" time="102.262" classname="TestCases.BasicFunctionalTestSuite"/>
</testsuite> <!-- TestCases.BasicFunctionalTestSuite -->
