<?xml version="1.0" encoding="UTF-8"?>
<!-- Generated by org.testng.reporters.JUnitReportReporter -->
<testsuite skipped="0" hostname="MXCDP4LP24" name="testcases.hphoteles.TCHP_HotelConCambios" tests="9" failures="0" timestamp="18 Jan 2019 04:30:54 GMT" time="348.241" errors="0">
  <testcase name="test_HPHotelConCambioDeDestino" time="54.129" classname="testcases.hphoteles.TCHP_HotelConCambios"/>
  <testcase name="test_HPHotelConCambioDeOcupantes" time="30.447" classname="testcases.hphoteles.TCHP_HotelConCambios"/>
  <testcase name="test_HPHotelConCambioDeDestino" time="37.508" classname="testcases.hphoteles.TCHP_HotelConCambios"/>
  <testcase name="test_HPHotelConCambioDeFecha" time="30.256" classname="testcases.hphoteles.TCHP_HotelConCambios"/>
  <testcase name="test_HPHotelConCambioDeDestino" time="49.834" classname="testcases.hphoteles.TCHP_HotelConCambios"/>
  <testcase name="test_HPHotelConCambioDeOcupantes" time="27.189" classname="testcases.hphoteles.TCHP_HotelConCambios"/>
  <testcase name="test_HPHotelConCambioDeOcupantes" time="40.074" classname="testcases.hphoteles.TCHP_HotelConCambios"/>
  <testcase name="test_HPHotelConCambioDeFecha" time="34.177" classname="testcases.hphoteles.TCHP_HotelConCambios"/>
  <testcase name="test_HPHotelConCambioDeFecha" time="44.627" classname="testcases.hphoteles.TCHP_HotelConCambios"/>
</testsuite> <!-- testcases.hphoteles.TCHP_HotelConCambios -->
