<?xml version="1.0" encoding="UTF-8"?>
<!-- Generated by org.testng.reporters.JUnitReportReporter -->
<testsuite skipped="6" hostname="MXCDP4LP24" name="testcases.hoteles.TCSPAHLPaging" tests="7" failures="0" timestamp="18 Jan 2019 07:10:27 GMT" time="4.776" errors="0">
  <testcase name="test1" time="4.776" classname="testcases.hoteles.TCSPAHLPaging"/>
  <testcase name="test7" classname="testcases.hoteles.TCSPAHLPaging">
    <skipped/>
  </testcase> <!-- test7 -->
  <testcase name="test6" classname="testcases.hoteles.TCSPAHLPaging">
    <skipped/>
  </testcase> <!-- test6 -->
  <testcase name="test4" classname="testcases.hoteles.TCSPAHLPaging">
    <skipped/>
  </testcase> <!-- test4 -->
  <testcase name="test3" classname="testcases.hoteles.TCSPAHLPaging">
    <skipped/>
  </testcase> <!-- test3 -->
  <testcase name="test2" classname="testcases.hoteles.TCSPAHLPaging">
    <skipped/>
  </testcase> <!-- test2 -->
  <testcase name="test5" classname="testcases.hoteles.TCSPAHLPaging">
    <skipped/>
  </testcase> <!-- test5 -->
</testsuite> <!-- testcases.hoteles.TCSPAHLPaging -->
