<?xml version="1.0" encoding="UTF-8"?>
<!-- Generated by org.testng.reporters.JUnitReportReporter -->
<testsuite skipped="1" hostname="MXCDP4LP24" name="testcases.hoteles.TCSPAHLWidget" tests="8" failures="0" timestamp="24 Jan 2019 07:20:26 GMT" time="134.998" errors="0">
  <testcase name="test4" time="19.688" classname="testcases.hoteles.TCSPAHLWidget"/>
  <testcase name="test3" time="17.379" classname="testcases.hoteles.TCSPAHLWidget"/>
  <testcase name="test1" time="15.506" classname="testcases.hoteles.TCSPAHLWidget"/>
  <testcase name="test5" time="16.762" classname="testcases.hoteles.TCSPAHLWidget"/>
  <testcase name="test6" time="23.449" classname="testcases.hoteles.TCSPAHLWidget"/>
  <testcase name="test7" time="26.391" classname="testcases.hoteles.TCSPAHLWidget"/>
  <testcase name="test2" time="15.823" classname="testcases.hoteles.TCSPAHLWidget"/>
  <testcase name="prueba" classname="testcases.hoteles.TCSPAHLWidget">
    <skipped/>
  </testcase> <!-- prueba -->
</testsuite> <!-- testcases.hoteles.TCSPAHLWidget -->
