<?xml version="1.0" encoding="UTF-8"?>
<!-- Generated by org.testng.reporters.JUnitReportReporter -->
<testsuite skipped="0" hostname="MXCDP4LP24" name="TestCases.HP_PTCOM_PROD" tests="1" failures="0" timestamp="28 Nov 2018 06:03:38 GMT" time="25.604" errors="0">
  <testcase name="HappyPath_HotelDefault" time="25.604" classname="TestCases.HP_PTCOM_PROD"/>
</testsuite> <!-- TestCases.HP_PTCOM_PROD -->
