<?xml version="1.0" encoding="UTF-8"?>
<!-- Generated by org.testng.reporters.JUnitReportReporter -->
<testsuite skipped="0" hostname="MXCDP4LP24" name="testcases.hphoteles.TCHP_PTALL" tests="3" failures="0" timestamp="18 Jan 2019 04:06:15 GMT" time="104.175" errors="0">
  <testcase name="HappyPath_HotelDefault" time="35.607" classname="testcases.hphoteles.TCHP_PTALL"/>
  <testcase name="HappyPath_HotelDefault" time="28.634" classname="testcases.hphoteles.TCHP_PTALL"/>
  <testcase name="HappyPath_HotelDefault" time="39.934" classname="testcases.hphoteles.TCHP_PTALL"/>
</testsuite> <!-- testcases.hphoteles.TCHP_PTALL -->
