<?xml version="1.0" encoding="UTF-8"?>
<!-- Generated by org.testng.reporters.JUnitReportReporter -->
<testsuite skipped="0" hostname="MXCDP4LP24" name="testcases.HP_PTCO_PROD" tests="1" failures="0" timestamp="03 Jan 2019 16:41:41 GMT" time="51.608" errors="0">
  <testcase name="HappyPath_HotelDefault" time="51.608" classname="testcases.HP_PTCO_PROD"/>
</testsuite> <!-- testcases.HP_PTCO_PROD -->
