<?xml version="1.0" encoding="UTF-8"?>
<!-- Generated by org.testng.reporters.JUnitReportReporter -->
<testsuite skipped="0" hostname="MXCDP4LP24" name="TestCases.HP_PTCOMMX_TEST" tests="1" failures="0" timestamp="23 Nov 2018 03:32:58 GMT" time="50.141" errors="0">
  <testcase name="HappyPath_HotelRandom" time="50.141" classname="TestCases.HP_PTCOMMX_TEST"/>
</testsuite> <!-- TestCases.HP_PTCOMMX_TEST -->
