<?xml version="1.0" encoding="UTF-8"?>
<!-- Generated by org.testng.reporters.JUnitReportReporter -->
<testsuite skipped="1" hostname="MXCDP4LP24" name="testcases.healthcheck.interjet.TCHP_Hoteles" tests="2" failures="0" timestamp="31 Jan 2019 03:18:28 GMT" time="28.706" errors="0">
  <testcase name="HPHotelDefault" time="28.706" classname="testcases.healthcheck.interjet.TCHP_Hoteles"/>
  <testcase name="HPHotelRandom" classname="testcases.healthcheck.interjet.TCHP_Hoteles">
    <skipped/>
  </testcase> <!-- HPHotelRandom -->
</testsuite> <!-- testcases.healthcheck.interjet.TCHP_Hoteles -->
