<?xml version="1.0" encoding="UTF-8"?>
<!-- Generated by org.testng.reporters.JUnitReportReporter -->
<testsuite skipped="0" hostname="MXCDP4LP24" name="TestCases.BasicFunctionalTestSuite" tests="1" failures="0" timestamp="11 Nov 2018 08:53:51 GMT" time="90.339" errors="0">
  <testcase name="HappyPath_default" time="90.339" classname="TestCases.BasicFunctionalTestSuite"/>
</testsuite> <!-- TestCases.BasicFunctionalTestSuite -->
