<?xml version="1.0" encoding="UTF-8"?>
<!-- Generated by org.testng.reporters.JUnitReportReporter -->
<testsuite skipped="5" hostname="MXCDP4LP24" name="testcases.hoteles.TCSPAHLWidget" tests="7" failures="0" timestamp="16 Jan 2019 04:09:39 GMT" time="48.362" errors="0">
  <testcase name="test2" time="26.725" classname="testcases.hoteles.TCSPAHLWidget"/>
  <testcase name="test1" time="21.637" classname="testcases.hoteles.TCSPAHLWidget"/>
  <testcase name="test5" classname="testcases.hoteles.TCSPAHLWidget">
    <skipped/>
  </testcase> <!-- test5 -->
  <testcase name="test6" classname="testcases.hoteles.TCSPAHLWidget">
    <skipped/>
  </testcase> <!-- test6 -->
  <testcase name="test7" classname="testcases.hoteles.TCSPAHLWidget">
    <skipped/>
  </testcase> <!-- test7 -->
  <testcase name="test3" classname="testcases.hoteles.TCSPAHLWidget">
    <skipped/>
  </testcase> <!-- test3 -->
  <testcase name="test4" classname="testcases.hoteles.TCSPAHLWidget">
    <skipped/>
  </testcase> <!-- test4 -->
</testsuite> <!-- testcases.hoteles.TCSPAHLWidget -->
