<?xml version="1.0" encoding="UTF-8"?>
<!-- Generated by org.testng.reporters.JUnitReportReporter -->
<testsuite skipped="1" hostname="MXCDP4LP24" name="testcases.hphoteles.TCHP_PTAll" tests="2" failures="0" timestamp="23 Jan 2019 20:32:06 GMT" time="35.196" errors="0">
  <testcase name="HPHotelRandom" time="35.196" classname="testcases.hphoteles.TCHP_PTAll"/>
  <testcase name="HPHotelDefault" classname="testcases.hphoteles.TCHP_PTAll">
    <skipped/>
  </testcase> <!-- HPHotelDefault -->
</testsuite> <!-- testcases.hphoteles.TCHP_PTAll -->
