<?xml version="1.0" encoding="UTF-8"?>
<!-- Generated by org.testng.reporters.JUnitReportReporter -->
<testsuite skipped="0" hostname="MXCDP4LP24" name="testcases.HP_Paginado" tests="1" failures="0" timestamp="10 Jan 2019 23:10:33 GMT" time="25.739" errors="0">
  <testcase name="HappyPath_HotelDefault" time="25.739" classname="testcases.HP_Paginado"/>
</testsuite> <!-- testcases.HP_Paginado -->
