<?xml version="1.0" encoding="UTF-8"?>
<!-- Generated by org.testng.reporters.JUnitReportReporter -->
<testsuite skipped="0" hostname="MXCDP4LP24" name="TestCases.HP_PTCOMMX_PROD" tests="1" failures="0" timestamp="21 Nov 2018 03:48:30 GMT" time="24.085" errors="0">
  <testcase name="HappyPath_HotelDefault" time="24.085" classname="TestCases.HP_PTCOMMX_PROD"/>
</testsuite> <!-- TestCases.HP_PTCOMMX_PROD -->
