<?xml version="1.0" encoding="UTF-8"?>
<!-- Generated by org.testng.reporters.JUnitReportReporter -->
<testsuite skipped="6" hostname="MXCDP4LP24" name="testcases.HP_HotelConCambios" tests="9" failures="0" timestamp="03 Jan 2019 19:15:39 GMT" time="167.568" errors="0">
  <testcase name="test_HPHotelConCambioDeOcupantes" time="60.956" classname="testcases.HP_HotelConCambios"/>
  <testcase name="test_HPHotelConCambioDeOcupantes" time="35.988" classname="testcases.HP_HotelConCambios"/>
  <testcase name="test_HPHotelConCambioDeOcupantes" time="70.624" classname="testcases.HP_HotelConCambios"/>
  <testcase name="test_HPHotelConCambioDeDestino" classname="testcases.HP_HotelConCambios">
    <skipped/>
  </testcase> <!-- test_HPHotelConCambioDeDestino -->
  <testcase name="test_HPHotelConCambioDeDestino" classname="testcases.HP_HotelConCambios">
    <skipped/>
  </testcase> <!-- test_HPHotelConCambioDeDestino -->
  <testcase name="test_HPHotelConCambioDeDestino" classname="testcases.HP_HotelConCambios">
    <skipped/>
  </testcase> <!-- test_HPHotelConCambioDeDestino -->
  <testcase name="test_HPHotelConCambioDeFecha" classname="testcases.HP_HotelConCambios">
    <skipped/>
  </testcase> <!-- test_HPHotelConCambioDeFecha -->
  <testcase name="test_HPHotelConCambioDeFecha" classname="testcases.HP_HotelConCambios">
    <skipped/>
  </testcase> <!-- test_HPHotelConCambioDeFecha -->
  <testcase name="test_HPHotelConCambioDeFecha" classname="testcases.HP_HotelConCambios">
    <skipped/>
  </testcase> <!-- test_HPHotelConCambioDeFecha -->
</testsuite> <!-- testcases.HP_HotelConCambios -->
