<?xml version="1.0" encoding="UTF-8"?>
<!-- Generated by org.testng.reporters.JUnitReportReporter -->
<testsuite skipped="0" hostname="MXCDP4LP24" name="TestCases.HP_PTCO_PROD" tests="1" failures="0" timestamp="21 Nov 2018 17:58:04 GMT" time="43.652" errors="0">
  <testcase name="HappyPath_HotelDefault" time="43.652" classname="TestCases.HP_PTCO_PROD"/>
</testsuite> <!-- TestCases.HP_PTCO_PROD -->
