<?xml version="1.0" encoding="UTF-8"?>
<!-- Generated by org.testng.reporters.JUnitReportReporter -->
<testsuite skipped="1" hostname="MXCDP4LP24" name="testcases.components.TCSPAHLWidget" tests="8" failures="0" timestamp="24 Jan 2019 20:00:58 GMT" time="129.515" errors="0">
  <testcase name="test4" time="15.355" classname="testcases.components.TCSPAHLWidget"/>
  <testcase name="test3" time="15.057" classname="testcases.components.TCSPAHLWidget"/>
  <testcase name="test1" time="23.489" classname="testcases.components.TCSPAHLWidget"/>
  <testcase name="test5" time="18.100" classname="testcases.components.TCSPAHLWidget"/>
  <testcase name="test6" time="27.892" classname="testcases.components.TCSPAHLWidget"/>
  <testcase name="test7" time="16.695" classname="testcases.components.TCSPAHLWidget"/>
  <testcase name="test2" time="12.927" classname="testcases.components.TCSPAHLWidget"/>
  <testcase name="prueba" classname="testcases.components.TCSPAHLWidget">
    <skipped/>
  </testcase> <!-- prueba -->
</testsuite> <!-- testcases.components.TCSPAHLWidget -->
