<?xml version="1.0" encoding="UTF-8"?>
<!-- Generated by org.testng.reporters.JUnitReportReporter -->
<testsuite skipped="0" hostname="MXCDP4LP24" name="TestCases.BasicFunctionalTestSuite" tests="1" failures="0" timestamp="15 Nov 2018 21:41:41 GMT" time="46.218" errors="0">
  <testcase name="HappyPath_HotelDefault" time="46.218" classname="TestCases.BasicFunctionalTestSuite"/>
</testsuite> <!-- TestCases.BasicFunctionalTestSuite -->
