<?xml version="1.0" encoding="UTF-8"?>
<!-- Generated by org.testng.reporters.JUnitReportReporter -->
<testsuite skipped="0" hostname="MXCDP4LP24" name="TestCases.BasicFunctionalTestSuite" tests="1" failures="0" timestamp="10 Nov 2018 07:33:24 GMT" time="95.335" errors="0">
  <testcase name="HappyPath_default" time="95.335" classname="TestCases.BasicFunctionalTestSuite"/>
</testsuite> <!-- TestCases.BasicFunctionalTestSuite -->
