<?xml version="1.0" encoding="UTF-8"?>
<!-- Generated by org.testng.reporters.JUnitReportReporter -->
<testsuite skipped="0" hostname="MXCDP4LP24" name="TestCases.PruebaKatalon" tests="1" failures="0" timestamp="07 Nov 2018 05:45:59 GMT" time="3.260" errors="0">
  <testcase name="testPruebaKatalon" time="3.260" classname="TestCases.PruebaKatalon"/>
</testsuite> <!-- TestCases.PruebaKatalon -->
