<?xml version="1.0" encoding="UTF-8"?>
<!-- Generated by org.testng.reporters.JUnitReportReporter -->
<testsuite skipped="0" hostname="MXCDP4LP24" name="TestCases.BasicFunctionalTestSuite" tests="1" failures="0" timestamp="20 Nov 2018 16:27:25 GMT" time="52.231" errors="0">
  <testcase name="HappyPath_HotelDefault" time="52.231" classname="TestCases.BasicFunctionalTestSuite"/>
</testsuite> <!-- TestCases.BasicFunctionalTestSuite -->
