<?xml version="1.0" encoding="UTF-8"?>
<!-- Generated by org.testng.reporters.JUnitReportReporter -->
<testsuite skipped="6" hostname="MXCDP4LP24" name="testcases.components.TCSPAHLPaging" tests="7" failures="0" timestamp="25 Jan 2019 18:42:38 GMT" time="6.419" errors="0">
  <testcase name="test1" time="6.419" classname="testcases.components.TCSPAHLPaging"/>
  <testcase name="test6" classname="testcases.components.TCSPAHLPaging">
    <skipped/>
  </testcase> <!-- test6 -->
  <testcase name="test3" classname="testcases.components.TCSPAHLPaging">
    <skipped/>
  </testcase> <!-- test3 -->
  <testcase name="test2" classname="testcases.components.TCSPAHLPaging">
    <skipped/>
  </testcase> <!-- test2 -->
  <testcase name="test5" classname="testcases.components.TCSPAHLPaging">
    <skipped/>
  </testcase> <!-- test5 -->
  <testcase name="test4" classname="testcases.components.TCSPAHLPaging">
    <skipped/>
  </testcase> <!-- test4 -->
  <testcase name="test7" classname="testcases.components.TCSPAHLPaging">
    <skipped/>
  </testcase> <!-- test7 -->
</testsuite> <!-- testcases.components.TCSPAHLPaging -->
