<?xml version="1.0" encoding="UTF-8"?>
<!-- Generated by org.testng.reporters.JUnitReportReporter -->
<testsuite skipped="1" hostname="MXCDP4LP24" name="testcases.workflows.TCHP_PTAll" tests="2" failures="0" timestamp="24 Jan 2019 20:01:48 GMT" time="27.122" errors="0">
  <testcase name="HPHotelRandom" time="27.122" classname="testcases.workflows.TCHP_PTAll"/>
  <testcase name="HPHotelDefault" classname="testcases.workflows.TCHP_PTAll">
    <skipped/>
  </testcase> <!-- HPHotelDefault -->
</testsuite> <!-- testcases.workflows.TCHP_PTAll -->
