<?xml version="1.0" encoding="UTF-8"?>
<!-- Generated by org.testng.reporters.JUnitReportReporter -->
<testsuite skipped="7" hostname="MXCDP4LP24" name="testcases.components.TCSPAHLWidget" tests="8" failures="0" timestamp="28 Jan 2019 19:30:13 GMT" time="19.992" errors="0">
  <testcase name="test1" time="19.992" classname="testcases.components.TCSPAHLWidget"/>
  <testcase name="prueba" classname="testcases.components.TCSPAHLWidget">
    <skipped/>
  </testcase> <!-- prueba -->
  <testcase name="test7" classname="testcases.components.TCSPAHLWidget">
    <skipped/>
  </testcase> <!-- test7 -->
  <testcase name="test3" classname="testcases.components.TCSPAHLWidget">
    <skipped/>
  </testcase> <!-- test3 -->
  <testcase name="test6" classname="testcases.components.TCSPAHLWidget">
    <skipped/>
  </testcase> <!-- test6 -->
  <testcase name="test4" classname="testcases.components.TCSPAHLWidget">
    <skipped/>
  </testcase> <!-- test4 -->
  <testcase name="test5" classname="testcases.components.TCSPAHLWidget">
    <skipped/>
  </testcase> <!-- test5 -->
  <testcase name="test2" classname="testcases.components.TCSPAHLWidget">
    <skipped/>
  </testcase> <!-- test2 -->
</testsuite> <!-- testcases.components.TCSPAHLWidget -->
