<?xml version="1.0" encoding="UTF-8"?>
<!-- Generated by org.testng.reporters.JUnitReportReporter -->
<testsuite skipped="0" hostname="MXCDP4LP24" name="TestCases.BasicFunctionalTestSuite_testpt" tests="1" failures="0" timestamp="15 Nov 2018 07:04:54 GMT" time="44.522" errors="0">
  <testcase name="HappyPath_default" time="44.522" classname="TestCases.BasicFunctionalTestSuite_testpt"/>
</testsuite> <!-- TestCases.BasicFunctionalTestSuite_testpt -->
