<?xml version="1.0" encoding="UTF-8"?>
<!-- Generated by org.testng.reporters.JUnitReportReporter -->
<testsuite skipped="0" hostname="MXCDP4LP24" name="TestCases.BasicFunctionalTestSuite_testpt" tests="1" failures="0" timestamp="16 Nov 2018 08:18:34 GMT" time="86.098" errors="0">
  <testcase name="HappyPath_HotelDefault" time="86.098" classname="TestCases.BasicFunctionalTestSuite_testpt"/>
</testsuite> <!-- TestCases.BasicFunctionalTestSuite_testpt -->
