<?xml version="1.0" encoding="UTF-8"?>
<!-- Generated by org.testng.reporters.JUnitReportReporter -->
<testsuite skipped="3" hostname="MXCDP4LP24" name="testcases.hphoteles.TCHP_PTAll" tests="6" failures="0" timestamp="22 Jan 2019 20:24:39 GMT" time="113.451" errors="0">
  <testcase name="HPHotelRandom" time="32.235" classname="testcases.hphoteles.TCHP_PTAll"/>
  <testcase name="HPHotelRandom" time="46.462" classname="testcases.hphoteles.TCHP_PTAll"/>
  <testcase name="HPHotelRandom" time="34.754" classname="testcases.hphoteles.TCHP_PTAll"/>
  <testcase name="HPHotelDefault" classname="testcases.hphoteles.TCHP_PTAll">
    <skipped/>
  </testcase> <!-- HPHotelDefault -->
  <testcase name="HPHotelDefault" classname="testcases.hphoteles.TCHP_PTAll">
    <skipped/>
  </testcase> <!-- HPHotelDefault -->
  <testcase name="HPHotelDefault" classname="testcases.hphoteles.TCHP_PTAll">
    <skipped/>
  </testcase> <!-- HPHotelDefault -->
</testsuite> <!-- testcases.hphoteles.TCHP_PTAll -->
