<?xml version="1.0" encoding="UTF-8"?>
<!-- Generated by org.testng.reporters.JUnitReportReporter -->
<testsuite skipped="0" hostname="MXCDP4LP24" name="TestCases.TestList" tests="1" failures="0" timestamp="07 Nov 2018 05:58:41 GMT" time="51.407" errors="0">
  <testcase name="testList" time="51.407" classname="TestCases.TestList"/>
</testsuite> <!-- TestCases.TestList -->
