<?xml version="1.0" encoding="UTF-8"?>
<!-- Generated by org.testng.reporters.JUnitReportReporter -->
<testsuite skipped="0" hostname="MXCDP4LP24" name="TestCases.BasicFunctionalTests" tests="1" failures="0" timestamp="08 Nov 2018 22:59:29 GMT" time="99.839" errors="0">
  <testcase name="HappyPath_default" time="99.839" classname="TestCases.BasicFunctionalTests"/>
</testsuite> <!-- TestCases.BasicFunctionalTests -->
