<?xml version="1.0" encoding="UTF-8"?>
<!-- Generated by org.testng.reporters.JUnitReportReporter -->
<testsuite skipped="0" hostname="MXCDP4LP24" name="TestCases.HP_PTCOMMX_PROD" tests="1" failures="0" timestamp="25 Nov 2018 06:40:05 GMT" time="36.102" errors="0">
  <testcase name="HappyPath_HotelRandom" time="36.102" classname="TestCases.HP_PTCOMMX_PROD"/>
</testsuite> <!-- TestCases.HP_PTCOMMX_PROD -->
