<?xml version="1.0" encoding="UTF-8"?>
<!-- Generated by org.testng.reporters.JUnitReportReporter -->
<testsuite skipped="4" hostname="MXCDP4LP24" name="testcases.hoteles.TCSPAHLWidget" tests="7" failures="0" timestamp="17 Jan 2019 22:08:27 GMT" time="41.560" errors="0">
  <testcase name="test2" time="14.774" classname="testcases.hoteles.TCSPAHLWidget"/>
  <testcase name="test1" time="15.148" classname="testcases.hoteles.TCSPAHLWidget"/>
  <testcase name="test3" time="11.638" classname="testcases.hoteles.TCSPAHLWidget"/>
  <testcase name="test5" classname="testcases.hoteles.TCSPAHLWidget">
    <skipped/>
  </testcase> <!-- test5 -->
  <testcase name="test6" classname="testcases.hoteles.TCSPAHLWidget">
    <skipped/>
  </testcase> <!-- test6 -->
  <testcase name="test7" classname="testcases.hoteles.TCSPAHLWidget">
    <skipped/>
  </testcase> <!-- test7 -->
  <testcase name="test4" classname="testcases.hoteles.TCSPAHLWidget">
    <skipped/>
  </testcase> <!-- test4 -->
</testsuite> <!-- testcases.hoteles.TCSPAHLWidget -->
