<?xml version="1.0" encoding="UTF-8"?>
<!-- Generated by org.testng.reporters.JUnitReportReporter -->
<testsuite skipped="6" hostname="MXCDP4LP24" name="testcases.hoteles.TCSPAHLWidget" tests="8" failures="0" timestamp="23 Jan 2019 01:33:42 GMT" time="37.262" errors="0">
  <testcase name="test2" time="16.280" classname="testcases.hoteles.TCSPAHLWidget"/>
  <testcase name="testPruebaWait" time="20.982" classname="testcases.hoteles.TCSPAHLWidget"/>
  <testcase name="test5" classname="testcases.hoteles.TCSPAHLWidget">
    <skipped/>
  </testcase> <!-- test5 -->
  <testcase name="test1" classname="testcases.hoteles.TCSPAHLWidget">
    <skipped/>
  </testcase> <!-- test1 -->
  <testcase name="test6" classname="testcases.hoteles.TCSPAHLWidget">
    <skipped/>
  </testcase> <!-- test6 -->
  <testcase name="test7" classname="testcases.hoteles.TCSPAHLWidget">
    <skipped/>
  </testcase> <!-- test7 -->
  <testcase name="test3" classname="testcases.hoteles.TCSPAHLWidget">
    <skipped/>
  </testcase> <!-- test3 -->
  <testcase name="test4" classname="testcases.hoteles.TCSPAHLWidget">
    <skipped/>
  </testcase> <!-- test4 -->
</testsuite> <!-- testcases.hoteles.TCSPAHLWidget -->
